<?xml version="1.0" encoding="UTF-8"?>
<!-- Generated by org.testng.reporters.JUnitXMLReporter -->
<testsuite hostname="DESKTOP-OPNNFTC" ignored="0" name="Surefire test" tests="2" failures="0" timestamp="2020-09-26T19:33:50 IST" time="82.795" errors="0">
  <testcase name="runScenario" time="57.885" classname="io.cucumber.testng.AbstractTestNGCucumberTests"/>
  <testcase name="runScenario" time="20.234" classname="io.cucumber.testng.AbstractTestNGCucumberTests"/>
</testsuite> <!-- Surefire test -->
