<?xml version="1.0" encoding="UTF-8"?>
<testng-results skipped="0" failed="0" ignored="0" total="1" passed="1">
  <reporter-output>
  </reporter-output>
  <suite name="Surefire suite" duration-ms="31796" started-at="2020-09-19T17:24:03 IST" finished-at="2020-09-19T17:24:35 IST">
    <groups>
      <group name="cucumber">
        <method signature="AbstractTestNGCucumberTests.runScenario(io.cucumber.testng.PickleWrapper, io.cucumber.testng.FeatureWrapper)[pri:0, instance:com.autotest.steps.CucumberRunner@6ebc05a6]" name="runScenario" class="io.cucumber.testng.AbstractTestNGCucumberTests"/>
      </group> <!-- cucumber -->
    </groups>
    <test name="Surefire test" duration-ms="31796" started-at="2020-09-19T17:24:03 IST" finished-at="2020-09-19T17:24:35 IST">
      <class name="com.autotest.steps.CucumberRunner">
        <test-method status="PASS" signature="setUpClass()[pri:0, instance:com.autotest.steps.CucumberRunner@6ebc05a6]" name="setUpClass" is-config="true" duration-ms="716" started-at="2020-09-19T17:24:03 IST" finished-at="2020-09-19T17:24:04 IST">
          <reporter-output>
          </reporter-output>
        </test-method> <!-- setUpClass -->
        <test-method status="PASS" signature="runScenario(io.cucumber.testng.PickleWrapper, io.cucumber.testng.FeatureWrapper)[pri:0, instance:com.autotest.steps.CucumberRunner@6ebc05a6]" name="runScenario" duration-ms="30999" started-at="2020-09-19T17:24:04 IST" description="Runs Cucumber Scenarios" data-provider="scenarios" finished-at="2020-09-19T17:24:35 IST">
          <params>
            <param index="0">
              <value>
                <![CDATA["I want to login to HRM Appliation with valid credential"]]>
              </value>
            </param>
            <param index="1">
              <value>
                <![CDATA["HRM Login"]]>
              </value>
            </param>
          </params>
          <reporter-output>
          </reporter-output>
        </test-method> <!-- runScenario -->
        <test-method status="PASS" signature="tearDownClass()[pri:0, instance:com.autotest.steps.CucumberRunner@6ebc05a6]" name="tearDownClass" is-config="true" duration-ms="4" started-at="2020-09-19T17:24:35 IST" finished-at="2020-09-19T17:24:35 IST">
          <reporter-output>
          </reporter-output>
        </test-method> <!-- tearDownClass -->
      </class> <!-- com.autotest.steps.CucumberRunner -->
    </test> <!-- Surefire test -->
  </suite> <!-- Surefire suite -->
</testng-results>
